[0m[ INFO] [1580174674.436847189]: 1 | -1.278178 | -1.298708 | 0.748598 | -2.084801 | 2.030191 | -3.601997[0m
[0m[ INFO] [1580174684.438203696]: 2 | -0.816281 | 1.053513 | -0.997809 | -1.525131 | 1.562511 | -5.116370[0m
[0m[ INFO] [1580174694.438588871]: 3 | -2.186060 | -0.791079 | -1.069579 | 2.336426 | 0.073811 | -2.718247[0m
[0m[ INFO] [1580174704.438825238]: 4 | 0.310158 | -0.560982 | 0.820003 | 1.117248 | -1.241291 | -3.131108[0m
[0m[ INFO] [1580174714.439022707]: 5 | -1.229277 | -0.670633 | -0.375010 | 2.414555 | 0.269059 | -6.035723[0m
[0m[ INFO] [1580174724.439256137]: 6 | -2.276261 | 1.720743 | -3.139105 | -2.773104 | 2.310847 | -5.780128[0m
[0m[ INFO] [1580174734.439608294]: 7 | -1.506987 | -0.241754 | -0.218462 | 1.778918 | 0.451491 | 0.591794[0m
[0m[ INFO] [1580174744.439755010]: 8 | 2.329914 | 1.261993 | 0.010598 | -0.406711 | 0.570899 | -2.780527[0m
[0m[ INFO] [1580174754.439952083]: 9 | 1.276732 | -0.961929 | -1.006008 | 0.867852 | 1.704427 | 3.626889[0m
[0m[ INFO] [1580174764.440133970]: 10 | 2.356333 | -1.037713 | -3.498523 | 0.475335 | -2.066712 | 1.152278[0m
[0m[ INFO] [1580174774.440331193]: 11 | 0.592193 | -0.944162 | -1.577472 | 1.240270 | -1.364113 | -0.957887[0m
[0m[ INFO] [1580174784.440531302]: 12 | 1.477825 | 0.174740 | 0.075744 | -0.210323 | -1.148167 | -1.603434[0m
[0m[ INFO] [1580174794.440734319]: 13 | -2.897925 | -1.060013 | -3.184329 | 1.630221 | 0.379082 | 2.776822[0m
[0m[ INFO] [1580174804.440900849]: 14 | -2.649865 | -0.471470 | 0.643172 | 0.625940 | 2.082134 | 3.217977[0m
[0m[ INFO] [1580174814.441064560]: 15 | -0.628422 | 1.709597 | 0.721340 | -0.423105 | -0.381577 | 5.931894[0m
[0m[ INFO] [1580174824.441249280]: 16 | -2.846034 | -1.582509 | -2.943172 | -0.274206 | 1.073614 | -1.754104[0m
[0m[ INFO] [1580174834.441437416]: 17 | 2.240519 | 0.256202 | 0.270320 | 0.914798 | 2.080159 | -5.361600[0m
[0m[ INFO] [1580174844.441634713]: 18 | -2.809439 | 2.167821 | -2.594257 | -2.217072 | 1.073453 | 3.804628[0m
[0m[ INFO] [1580174854.441808865]: 19 | 2.061265 | 1.478062 | -3.191393 | 1.434550 | -0.533781 | -5.778019[0m
[0m[ INFO] [1580174864.442028530]: 20 | -0.012910 | 1.476383 | 0.569647 | -0.543331 | -1.368817 | -2.536506[0m
[0m[ INFO] [1580174874.442222194]: 21 | -0.709219 | -0.735093 | -2.138300 | 0.180226 | 0.865735 | -5.720205[0m
[0m[ INFO] [1580174884.442398654]: 22 | 2.318958 | 0.595060 | -1.152264 | 1.232932 | -1.340962 | -0.463817[0m
[0m[ INFO] [1580174894.442673248]: 23 | 1.668125 | -0.686609 | -1.660482 | -2.946727 | -0.620213 | -4.474150[0m
[0m[ INFO] [1580174904.442858705]: 24 | 1.816962 | -0.792007 | 0.791622 | 2.400627 | 2.155875 | -2.363317[0m
[0m[ INFO] [1580174914.443017117]: 25 | 2.639177 | 0.169690 | -3.218349 | 1.921888 | 1.714154 | -2.484502[0m
[0m[ INFO] [1580174924.443178323]: 26 | -2.242966 | -0.677623 | -1.101466 | -0.362013 | 1.294071 | -3.569765[0m
[0m[ INFO] [1580174934.443350203]: 27 | -0.096161 | 1.013001 | 0.078701 | -2.934646 | -0.597700 | 6.190777[0m
[0m[ INFO] [1580174944.443519885]: 28 | -0.186610 | -1.038777 | -2.534870 | 2.282960 | -1.613060 | 1.294764[0m
[0m[ INFO] [1580174954.443732394]: 29 | -2.796893 | 2.211228 | 0.278955 | 2.693384 | 1.736202 | 3.471708[0m
[0m[ INFO] [1580174964.443907757]: 30 | -1.389687 | 1.606250 | -2.549621 | -0.839229 | 0.645836 | -5.085110[0m
[0m[ INFO] [1580174974.444083104]: 31 | 0.954594 | 1.389050 | -2.029402 | -1.821313 | -1.422824 | -4.848239[0m
[0m[ INFO] [1580174984.444278873]: 32 | -0.539976 | 1.079109 | 0.090148 | -1.862054 | 0.882748 | -4.363699[0m
[0m[ INFO] [1580174994.444432489]: 33 | -1.905691 | -1.032329 | -2.186245 | -0.513266 | -2.164893 | -0.443371[0m
[0m[ INFO] [1580175004.444621061]: 34 | -2.868910 | -1.379990 | -1.600556 | 1.989822 | -2.247092 | -2.550492[0m
[0m[ INFO] [1580175014.444808841]: 35 | 0.662180 | -0.498078 | -3.134259 | 2.036433 | 0.695275 | 3.107270[0m
[0m[ INFO] [1580175024.444946321]: 36 | 2.602191 | -0.420037 | -1.226090 | -1.316826 | 0.006998 | 2.568675[0m
[0m[ INFO] [1580175034.445184126]: 37 | -0.639212 | 1.996878